[ 2017-10-14T10:03:03+08:00 ] ::1 /admin.php
INFO: [ app_init ] --START--
INFO: Run Behavior\BuildLiteBehavior [ RunTime:0.000000s ]
INFO: [ app_init ] --END-- [ RunTime:0.001001s ]
NOTIC: [8] Use of undefined constant SHOW_PAGE_TRACE - assumed 'SHOW_PAGE_TRACE' D:\wamp\cygupiao\Apps\admin\Home\Conf\config.php 第 4 行.
NOTIC: [8] Use of undefined constant SESSION_AUTO_START - assumed 'SESSION_AUTO_START' D:\wamp\cygupiao\Apps\admin\Home\Conf\config.php 第 5 行.
NOTIC: [8] Use of undefined constant MAIL_CON - assumed 'MAIL_CON' D:\wamp\cygupiao\Apps\admin\Home\Conf\config.php 第 20 行.
NOTIC: [8] Use of undefined constant HOME_JS - assumed 'HOME_JS' D:\wamp\cygupiao\Apps\admin\Home\Conf\config.php 第 29 行.
NOTIC: [8] Use of undefined constant HOME_CSS - assumed 'HOME_CSS' D:\wamp\cygupiao\Apps\admin\Home\Conf\config.php 第 30 行.

[ 2017-10-14T10:03:03+08:00 ] ::1 /admin.php/Home/Login/login
INFO: [ app_init ] --START--
INFO: Run Behavior\BuildLiteBehavior [ RunTime:0.000000s ]
INFO: [ app_init ] --END-- [ RunTime:0.001000s ]
NOTIC: [8] Use of undefined constant SHOW_PAGE_TRACE - assumed 'SHOW_PAGE_TRACE' D:\wamp\cygupiao\Apps\admin\Home\Conf\config.php 第 4 行.
NOTIC: [8] Use of undefined constant SESSION_AUTO_START - assumed 'SESSION_AUTO_START' D:\wamp\cygupiao\Apps\admin\Home\Conf\config.php 第 5 行.
NOTIC: [8] Use of undefined constant MAIL_CON - assumed 'MAIL_CON' D:\wamp\cygupiao\Apps\admin\Home\Conf\config.php 第 20 行.
NOTIC: [8] Use of undefined constant HOME_JS - assumed 'HOME_JS' D:\wamp\cygupiao\Apps\admin\Home\Conf\config.php 第 29 行.
NOTIC: [8] Use of undefined constant HOME_CSS - assumed 'HOME_CSS' D:\wamp\cygupiao\Apps\admin\Home\Conf\config.php 第 30 行.

[ 2017-10-14T10:03:03+08:00 ] ::1 /admin.php/Home/Verfy/verfy
INFO: [ app_init ] --START--
INFO: Run Behavior\BuildLiteBehavior [ RunTime:0.000000s ]
INFO: [ app_init ] --END-- [ RunTime:0.001000s ]
NOTIC: [8] Use of undefined constant SHOW_PAGE_TRACE - assumed 'SHOW_PAGE_TRACE' D:\wamp\cygupiao\Apps\admin\Home\Conf\config.php 第 4 行.
NOTIC: [8] Use of undefined constant SESSION_AUTO_START - assumed 'SESSION_AUTO_START' D:\wamp\cygupiao\Apps\admin\Home\Conf\config.php 第 5 行.
NOTIC: [8] Use of undefined constant MAIL_CON - assumed 'MAIL_CON' D:\wamp\cygupiao\Apps\admin\Home\Conf\config.php 第 20 行.
NOTIC: [8] Use of undefined constant HOME_JS - assumed 'HOME_JS' D:\wamp\cygupiao\Apps\admin\Home\Conf\config.php 第 29 行.
NOTIC: [8] Use of undefined constant HOME_CSS - assumed 'HOME_CSS' D:\wamp\cygupiao\Apps\admin\Home\Conf\config.php 第 30 行.

[ 2017-10-14T11:10:10+08:00 ] ::1 /admin.php/Home/Login/login
INFO: [ app_init ] --START--
INFO: Run Behavior\BuildLiteBehavior [ RunTime:0.000000s ]
INFO: [ app_init ] --END-- [ RunTime:0.001000s ]
NOTIC: [8] Use of undefined constant SHOW_PAGE_TRACE - assumed 'SHOW_PAGE_TRACE' D:\wamp\cygupiao\Apps\admin\Home\Conf\config.php 第 4 行.
NOTIC: [8] Use of undefined constant SESSION_AUTO_START - assumed 'SESSION_AUTO_START' D:\wamp\cygupiao\Apps\admin\Home\Conf\config.php 第 5 行.
NOTIC: [8] Use of undefined constant MAIL_CON - assumed 'MAIL_CON' D:\wamp\cygupiao\Apps\admin\Home\Conf\config.php 第 20 行.
NOTIC: [8] Use of undefined constant HOME_JS - assumed 'HOME_JS' D:\wamp\cygupiao\Apps\admin\Home\Conf\config.php 第 29 行.
NOTIC: [8] Use of undefined constant HOME_CSS - assumed 'HOME_CSS' D:\wamp\cygupiao\Apps\admin\Home\Conf\config.php 第 30 行.

[ 2017-10-14T11:10:10+08:00 ] ::1 /admin.php/Home/Login/login
INFO: [ app_init ] --START--
INFO: Run Behavior\BuildLiteBehavior [ RunTime:0.000000s ]
INFO: [ app_init ] --END-- [ RunTime:0.001000s ]
NOTIC: [8] Use of undefined constant SHOW_PAGE_TRACE - assumed 'SHOW_PAGE_TRACE' D:\wamp\cygupiao\Apps\admin\Home\Conf\config.php 第 4 行.
NOTIC: [8] Use of undefined constant SESSION_AUTO_START - assumed 'SESSION_AUTO_START' D:\wamp\cygupiao\Apps\admin\Home\Conf\config.php 第 5 行.
NOTIC: [8] Use of undefined constant MAIL_CON - assumed 'MAIL_CON' D:\wamp\cygupiao\Apps\admin\Home\Conf\config.php 第 20 行.
NOTIC: [8] Use of undefined constant HOME_JS - assumed 'HOME_JS' D:\wamp\cygupiao\Apps\admin\Home\Conf\config.php 第 29 行.
NOTIC: [8] Use of undefined constant HOME_CSS - assumed 'HOME_CSS' D:\wamp\cygupiao\Apps\admin\Home\Conf\config.php 第 30 行.

[ 2017-10-14T11:10:10+08:00 ] ::1 /admin.php/Home/Login/login
INFO: [ app_init ] --START--
INFO: Run Behavior\BuildLiteBehavior [ RunTime:0.000000s ]
INFO: [ app_init ] --END-- [ RunTime:0.000000s ]
NOTIC: [8] Use of undefined constant SHOW_PAGE_TRACE - assumed 'SHOW_PAGE_TRACE' D:\wamp\cygupiao\Apps\admin\Home\Conf\config.php 第 4 行.
NOTIC: [8] Use of undefined constant SESSION_AUTO_START - assumed 'SESSION_AUTO_START' D:\wamp\cygupiao\Apps\admin\Home\Conf\config.php 第 5 行.
NOTIC: [8] Use of undefined constant MAIL_CON - assumed 'MAIL_CON' D:\wamp\cygupiao\Apps\admin\Home\Conf\config.php 第 20 行.
NOTIC: [8] Use of undefined constant HOME_JS - assumed 'HOME_JS' D:\wamp\cygupiao\Apps\admin\Home\Conf\config.php 第 29 行.
NOTIC: [8] Use of undefined constant HOME_CSS - assumed 'HOME_CSS' D:\wamp\cygupiao\Apps\admin\Home\Conf\config.php 第 30 行.

