[ 2017-10-16T11:22:20+08:00 ] ::1 /admin.php
INFO: [ app_init ] --START--
INFO: Run Behavior\BuildLiteBehavior [ RunTime:0.000000s ]
INFO: [ app_init ] --END-- [ RunTime:0.000000s ]
NOTIC: [8] Use of undefined constant SHOW_PAGE_TRACE - assumed 'SHOW_PAGE_TRACE' D:\wamp\cygupiao\Apps\admin\Home\Conf\config.php 第 4 行.
NOTIC: [8] Use of undefined constant SESSION_AUTO_START - assumed 'SESSION_AUTO_START' D:\wamp\cygupiao\Apps\admin\Home\Conf\config.php 第 5 行.
NOTIC: [8] Use of undefined constant MAIL_CON - assumed 'MAIL_CON' D:\wamp\cygupiao\Apps\admin\Home\Conf\config.php 第 20 行.
NOTIC: [8] Use of undefined constant HOME_JS - assumed 'HOME_JS' D:\wamp\cygupiao\Apps\admin\Home\Conf\config.php 第 29 行.
NOTIC: [8] Use of undefined constant HOME_CSS - assumed 'HOME_CSS' D:\wamp\cygupiao\Apps\admin\Home\Conf\config.php 第 30 行.

[ 2017-10-16T11:22:21+08:00 ] ::1 /admin.php/Home/Login/login
INFO: [ app_init ] --START--
INFO: Run Behavior\BuildLiteBehavior [ RunTime:0.000000s ]
INFO: [ app_init ] --END-- [ RunTime:0.001000s ]
NOTIC: [8] Use of undefined constant SHOW_PAGE_TRACE - assumed 'SHOW_PAGE_TRACE' D:\wamp\cygupiao\Apps\admin\Home\Conf\config.php 第 4 行.
NOTIC: [8] Use of undefined constant SESSION_AUTO_START - assumed 'SESSION_AUTO_START' D:\wamp\cygupiao\Apps\admin\Home\Conf\config.php 第 5 行.
NOTIC: [8] Use of undefined constant MAIL_CON - assumed 'MAIL_CON' D:\wamp\cygupiao\Apps\admin\Home\Conf\config.php 第 20 行.
NOTIC: [8] Use of undefined constant HOME_JS - assumed 'HOME_JS' D:\wamp\cygupiao\Apps\admin\Home\Conf\config.php 第 29 行.
NOTIC: [8] Use of undefined constant HOME_CSS - assumed 'HOME_CSS' D:\wamp\cygupiao\Apps\admin\Home\Conf\config.php 第 30 行.

[ 2017-10-16T11:22:22+08:00 ] ::1 /admin.php/Home/Verfy/verfy
INFO: [ app_init ] --START--
INFO: Run Behavior\BuildLiteBehavior [ RunTime:0.000000s ]
INFO: [ app_init ] --END-- [ RunTime:0.001000s ]
NOTIC: [8] Use of undefined constant SHOW_PAGE_TRACE - assumed 'SHOW_PAGE_TRACE' D:\wamp\cygupiao\Apps\admin\Home\Conf\config.php 第 4 行.
NOTIC: [8] Use of undefined constant SESSION_AUTO_START - assumed 'SESSION_AUTO_START' D:\wamp\cygupiao\Apps\admin\Home\Conf\config.php 第 5 行.
NOTIC: [8] Use of undefined constant MAIL_CON - assumed 'MAIL_CON' D:\wamp\cygupiao\Apps\admin\Home\Conf\config.php 第 20 行.
NOTIC: [8] Use of undefined constant HOME_JS - assumed 'HOME_JS' D:\wamp\cygupiao\Apps\admin\Home\Conf\config.php 第 29 行.
NOTIC: [8] Use of undefined constant HOME_CSS - assumed 'HOME_CSS' D:\wamp\cygupiao\Apps\admin\Home\Conf\config.php 第 30 行.

[ 2017-10-16T11:22:39+08:00 ] ::1 /admin.php/Home/Login/loginhandle
INFO: [ app_init ] --START--
INFO: Run Behavior\BuildLiteBehavior [ RunTime:0.000000s ]
INFO: [ app_init ] --END-- [ RunTime:0.000000s ]
NOTIC: [8] Use of undefined constant SHOW_PAGE_TRACE - assumed 'SHOW_PAGE_TRACE' D:\wamp\cygupiao\Apps\admin\Home\Conf\config.php 第 4 行.
NOTIC: [8] Use of undefined constant SESSION_AUTO_START - assumed 'SESSION_AUTO_START' D:\wamp\cygupiao\Apps\admin\Home\Conf\config.php 第 5 行.
NOTIC: [8] Use of undefined constant MAIL_CON - assumed 'MAIL_CON' D:\wamp\cygupiao\Apps\admin\Home\Conf\config.php 第 20 行.
NOTIC: [8] Use of undefined constant HOME_JS - assumed 'HOME_JS' D:\wamp\cygupiao\Apps\admin\Home\Conf\config.php 第 29 行.
NOTIC: [8] Use of undefined constant HOME_CSS - assumed 'HOME_CSS' D:\wamp\cygupiao\Apps\admin\Home\Conf\config.php 第 30 行.

[ 2017-10-16T11:22:40+08:00 ] ::1 /admin.php
INFO: [ app_init ] --START--
INFO: Run Behavior\BuildLiteBehavior [ RunTime:0.000000s ]
INFO: [ app_init ] --END-- [ RunTime:0.000000s ]
NOTIC: [8] Use of undefined constant SHOW_PAGE_TRACE - assumed 'SHOW_PAGE_TRACE' D:\wamp\cygupiao\Apps\admin\Home\Conf\config.php 第 4 行.
NOTIC: [8] Use of undefined constant SESSION_AUTO_START - assumed 'SESSION_AUTO_START' D:\wamp\cygupiao\Apps\admin\Home\Conf\config.php 第 5 行.
NOTIC: [8] Use of undefined constant MAIL_CON - assumed 'MAIL_CON' D:\wamp\cygupiao\Apps\admin\Home\Conf\config.php 第 20 行.
NOTIC: [8] Use of undefined constant HOME_JS - assumed 'HOME_JS' D:\wamp\cygupiao\Apps\admin\Home\Conf\config.php 第 29 行.
NOTIC: [8] Use of undefined constant HOME_CSS - assumed 'HOME_CSS' D:\wamp\cygupiao\Apps\admin\Home\Conf\config.php 第 30 行.

[ 2017-10-16T11:22:43+08:00 ] ::1 /admin.php/Home/Sys/index
INFO: [ app_init ] --START--
INFO: Run Behavior\BuildLiteBehavior [ RunTime:0.000000s ]
INFO: [ app_init ] --END-- [ RunTime:0.000000s ]
NOTIC: [8] Use of undefined constant SHOW_PAGE_TRACE - assumed 'SHOW_PAGE_TRACE' D:\wamp\cygupiao\Apps\admin\Home\Conf\config.php 第 4 行.
NOTIC: [8] Use of undefined constant SESSION_AUTO_START - assumed 'SESSION_AUTO_START' D:\wamp\cygupiao\Apps\admin\Home\Conf\config.php 第 5 行.
NOTIC: [8] Use of undefined constant MAIL_CON - assumed 'MAIL_CON' D:\wamp\cygupiao\Apps\admin\Home\Conf\config.php 第 20 行.
NOTIC: [8] Use of undefined constant HOME_JS - assumed 'HOME_JS' D:\wamp\cygupiao\Apps\admin\Home\Conf\config.php 第 29 行.
NOTIC: [8] Use of undefined constant HOME_CSS - assumed 'HOME_CSS' D:\wamp\cygupiao\Apps\admin\Home\Conf\config.php 第 30 行.

[ 2017-10-16T11:42:22+08:00 ] ::1 /admin.php/Home/Sys/index
INFO: [ app_init ] --START--
INFO: Run Behavior\BuildLiteBehavior [ RunTime:0.000000s ]
INFO: [ app_init ] --END-- [ RunTime:0.000000s ]
NOTIC: [8] Use of undefined constant SHOW_PAGE_TRACE - assumed 'SHOW_PAGE_TRACE' D:\wamp\cygupiao\Apps\admin\Home\Conf\config.php 第 4 行.
NOTIC: [8] Use of undefined constant SESSION_AUTO_START - assumed 'SESSION_AUTO_START' D:\wamp\cygupiao\Apps\admin\Home\Conf\config.php 第 5 行.
NOTIC: [8] Use of undefined constant MAIL_CON - assumed 'MAIL_CON' D:\wamp\cygupiao\Apps\admin\Home\Conf\config.php 第 20 行.
NOTIC: [8] Use of undefined constant HOME_JS - assumed 'HOME_JS' D:\wamp\cygupiao\Apps\admin\Home\Conf\config.php 第 29 行.
NOTIC: [8] Use of undefined constant HOME_CSS - assumed 'HOME_CSS' D:\wamp\cygupiao\Apps\admin\Home\Conf\config.php 第 30 行.

[ 2017-10-16T11:42:37+08:00 ] ::1 /admin.php/Home/Sys/index
INFO: [ app_init ] --START--
INFO: Run Behavior\BuildLiteBehavior [ RunTime:0.000000s ]
INFO: [ app_init ] --END-- [ RunTime:0.001000s ]
NOTIC: [8] Use of undefined constant SHOW_PAGE_TRACE - assumed 'SHOW_PAGE_TRACE' D:\wamp\cygupiao\Apps\admin\Home\Conf\config.php 第 4 行.
NOTIC: [8] Use of undefined constant SESSION_AUTO_START - assumed 'SESSION_AUTO_START' D:\wamp\cygupiao\Apps\admin\Home\Conf\config.php 第 5 行.
NOTIC: [8] Use of undefined constant MAIL_CON - assumed 'MAIL_CON' D:\wamp\cygupiao\Apps\admin\Home\Conf\config.php 第 20 行.
NOTIC: [8] Use of undefined constant HOME_JS - assumed 'HOME_JS' D:\wamp\cygupiao\Apps\admin\Home\Conf\config.php 第 29 行.
NOTIC: [8] Use of undefined constant HOME_CSS - assumed 'HOME_CSS' D:\wamp\cygupiao\Apps\admin\Home\Conf\config.php 第 30 行.

[ 2017-10-16T11:43:41+08:00 ] ::1 /admin.php/Home/Sys/index
INFO: [ app_init ] --START--
INFO: Run Behavior\BuildLiteBehavior [ RunTime:0.000000s ]
INFO: [ app_init ] --END-- [ RunTime:0.001000s ]
NOTIC: [8] Use of undefined constant SHOW_PAGE_TRACE - assumed 'SHOW_PAGE_TRACE' D:\wamp\cygupiao\Apps\admin\Home\Conf\config.php 第 4 行.
NOTIC: [8] Use of undefined constant SESSION_AUTO_START - assumed 'SESSION_AUTO_START' D:\wamp\cygupiao\Apps\admin\Home\Conf\config.php 第 5 行.
NOTIC: [8] Use of undefined constant MAIL_CON - assumed 'MAIL_CON' D:\wamp\cygupiao\Apps\admin\Home\Conf\config.php 第 20 行.
NOTIC: [8] Use of undefined constant HOME_JS - assumed 'HOME_JS' D:\wamp\cygupiao\Apps\admin\Home\Conf\config.php 第 29 行.
NOTIC: [8] Use of undefined constant HOME_CSS - assumed 'HOME_CSS' D:\wamp\cygupiao\Apps\admin\Home\Conf\config.php 第 30 行.

[ 2017-10-16T13:31:49+08:00 ] ::1 /admin.php/Home/Sys/index
INFO: [ app_init ] --START--
INFO: Run Behavior\BuildLiteBehavior [ RunTime:0.000000s ]
INFO: [ app_init ] --END-- [ RunTime:0.000000s ]
NOTIC: [8] Use of undefined constant SHOW_PAGE_TRACE - assumed 'SHOW_PAGE_TRACE' D:\wamp\cygupiao\Apps\admin\Home\Conf\config.php 第 4 行.
NOTIC: [8] Use of undefined constant SESSION_AUTO_START - assumed 'SESSION_AUTO_START' D:\wamp\cygupiao\Apps\admin\Home\Conf\config.php 第 5 行.
NOTIC: [8] Use of undefined constant MAIL_CON - assumed 'MAIL_CON' D:\wamp\cygupiao\Apps\admin\Home\Conf\config.php 第 20 行.
NOTIC: [8] Use of undefined constant HOME_JS - assumed 'HOME_JS' D:\wamp\cygupiao\Apps\admin\Home\Conf\config.php 第 29 行.
NOTIC: [8] Use of undefined constant HOME_CSS - assumed 'HOME_CSS' D:\wamp\cygupiao\Apps\admin\Home\Conf\config.php 第 30 行.

[ 2017-10-16T13:34:15+08:00 ] ::1 /admin.php/Home/Sys/index
INFO: [ app_init ] --START--
INFO: Run Behavior\BuildLiteBehavior [ RunTime:0.000000s ]
INFO: [ app_init ] --END-- [ RunTime:0.000000s ]
NOTIC: [8] Use of undefined constant SHOW_PAGE_TRACE - assumed 'SHOW_PAGE_TRACE' D:\wamp\cygupiao\Apps\admin\Home\Conf\config.php 第 4 行.
NOTIC: [8] Use of undefined constant SESSION_AUTO_START - assumed 'SESSION_AUTO_START' D:\wamp\cygupiao\Apps\admin\Home\Conf\config.php 第 5 行.
NOTIC: [8] Use of undefined constant MAIL_CON - assumed 'MAIL_CON' D:\wamp\cygupiao\Apps\admin\Home\Conf\config.php 第 20 行.
NOTIC: [8] Use of undefined constant HOME_JS - assumed 'HOME_JS' D:\wamp\cygupiao\Apps\admin\Home\Conf\config.php 第 29 行.
NOTIC: [8] Use of undefined constant HOME_CSS - assumed 'HOME_CSS' D:\wamp\cygupiao\Apps\admin\Home\Conf\config.php 第 30 行.

[ 2017-10-16T13:34:23+08:00 ] ::1 /admin.php/Home/Sys/index
INFO: [ app_init ] --START--
INFO: Run Behavior\BuildLiteBehavior [ RunTime:0.000000s ]
INFO: [ app_init ] --END-- [ RunTime:0.001000s ]
NOTIC: [8] Use of undefined constant SHOW_PAGE_TRACE - assumed 'SHOW_PAGE_TRACE' D:\wamp\cygupiao\Apps\admin\Home\Conf\config.php 第 4 行.
NOTIC: [8] Use of undefined constant SESSION_AUTO_START - assumed 'SESSION_AUTO_START' D:\wamp\cygupiao\Apps\admin\Home\Conf\config.php 第 5 行.
NOTIC: [8] Use of undefined constant MAIL_CON - assumed 'MAIL_CON' D:\wamp\cygupiao\Apps\admin\Home\Conf\config.php 第 20 行.
NOTIC: [8] Use of undefined constant HOME_JS - assumed 'HOME_JS' D:\wamp\cygupiao\Apps\admin\Home\Conf\config.php 第 29 行.
NOTIC: [8] Use of undefined constant HOME_CSS - assumed 'HOME_CSS' D:\wamp\cygupiao\Apps\admin\Home\Conf\config.php 第 30 行.

[ 2017-10-16T13:34:25+08:00 ] ::1 /admin.php/Home/Sys/changetime
INFO: [ app_init ] --START--
INFO: Run Behavior\BuildLiteBehavior [ RunTime:0.000000s ]
INFO: [ app_init ] --END-- [ RunTime:0.001000s ]
NOTIC: [8] Use of undefined constant SHOW_PAGE_TRACE - assumed 'SHOW_PAGE_TRACE' D:\wamp\cygupiao\Apps\admin\Home\Conf\config.php 第 4 行.
NOTIC: [8] Use of undefined constant SESSION_AUTO_START - assumed 'SESSION_AUTO_START' D:\wamp\cygupiao\Apps\admin\Home\Conf\config.php 第 5 行.
NOTIC: [8] Use of undefined constant MAIL_CON - assumed 'MAIL_CON' D:\wamp\cygupiao\Apps\admin\Home\Conf\config.php 第 20 行.
NOTIC: [8] Use of undefined constant HOME_JS - assumed 'HOME_JS' D:\wamp\cygupiao\Apps\admin\Home\Conf\config.php 第 29 行.
NOTIC: [8] Use of undefined constant HOME_CSS - assumed 'HOME_CSS' D:\wamp\cygupiao\Apps\admin\Home\Conf\config.php 第 30 行.
ERR: 非法操作:changetime

[ 2017-10-16T13:36:10+08:00 ] ::1 /admin.php/Home/Sys/index
INFO: [ app_init ] --START--
INFO: Run Behavior\BuildLiteBehavior [ RunTime:0.000000s ]
INFO: [ app_init ] --END-- [ RunTime:0.000000s ]
NOTIC: [8] Use of undefined constant SHOW_PAGE_TRACE - assumed 'SHOW_PAGE_TRACE' D:\wamp\cygupiao\Apps\admin\Home\Conf\config.php 第 4 行.
NOTIC: [8] Use of undefined constant SESSION_AUTO_START - assumed 'SESSION_AUTO_START' D:\wamp\cygupiao\Apps\admin\Home\Conf\config.php 第 5 行.
NOTIC: [8] Use of undefined constant MAIL_CON - assumed 'MAIL_CON' D:\wamp\cygupiao\Apps\admin\Home\Conf\config.php 第 20 行.
NOTIC: [8] Use of undefined constant HOME_JS - assumed 'HOME_JS' D:\wamp\cygupiao\Apps\admin\Home\Conf\config.php 第 29 行.
NOTIC: [8] Use of undefined constant HOME_CSS - assumed 'HOME_CSS' D:\wamp\cygupiao\Apps\admin\Home\Conf\config.php 第 30 行.

[ 2017-10-16T13:36:11+08:00 ] ::1 /admin.php/Home/Sys/changetime
INFO: [ app_init ] --START--
INFO: Run Behavior\BuildLiteBehavior [ RunTime:0.000000s ]
INFO: [ app_init ] --END-- [ RunTime:0.001000s ]
NOTIC: [8] Use of undefined constant SHOW_PAGE_TRACE - assumed 'SHOW_PAGE_TRACE' D:\wamp\cygupiao\Apps\admin\Home\Conf\config.php 第 4 行.
NOTIC: [8] Use of undefined constant SESSION_AUTO_START - assumed 'SESSION_AUTO_START' D:\wamp\cygupiao\Apps\admin\Home\Conf\config.php 第 5 行.
NOTIC: [8] Use of undefined constant MAIL_CON - assumed 'MAIL_CON' D:\wamp\cygupiao\Apps\admin\Home\Conf\config.php 第 20 行.
NOTIC: [8] Use of undefined constant HOME_JS - assumed 'HOME_JS' D:\wamp\cygupiao\Apps\admin\Home\Conf\config.php 第 29 行.
NOTIC: [8] Use of undefined constant HOME_CSS - assumed 'HOME_CSS' D:\wamp\cygupiao\Apps\admin\Home\Conf\config.php 第 30 行.

[ 2017-10-16T13:36:31+08:00 ] ::1 /admin.php/Home/Sys/index
INFO: [ app_init ] --START--
INFO: Run Behavior\BuildLiteBehavior [ RunTime:0.000000s ]
INFO: [ app_init ] --END-- [ RunTime:0.001000s ]
NOTIC: [8] Use of undefined constant SHOW_PAGE_TRACE - assumed 'SHOW_PAGE_TRACE' D:\wamp\cygupiao\Apps\admin\Home\Conf\config.php 第 4 行.
NOTIC: [8] Use of undefined constant SESSION_AUTO_START - assumed 'SESSION_AUTO_START' D:\wamp\cygupiao\Apps\admin\Home\Conf\config.php 第 5 行.
NOTIC: [8] Use of undefined constant MAIL_CON - assumed 'MAIL_CON' D:\wamp\cygupiao\Apps\admin\Home\Conf\config.php 第 20 行.
NOTIC: [8] Use of undefined constant HOME_JS - assumed 'HOME_JS' D:\wamp\cygupiao\Apps\admin\Home\Conf\config.php 第 29 行.
NOTIC: [8] Use of undefined constant HOME_CSS - assumed 'HOME_CSS' D:\wamp\cygupiao\Apps\admin\Home\Conf\config.php 第 30 行.

[ 2017-10-16T13:36:32+08:00 ] ::1 /admin.php/Home/Sys/index
INFO: [ app_init ] --START--
INFO: Run Behavior\BuildLiteBehavior [ RunTime:0.000000s ]
INFO: [ app_init ] --END-- [ RunTime:0.001000s ]
NOTIC: [8] Use of undefined constant SHOW_PAGE_TRACE - assumed 'SHOW_PAGE_TRACE' D:\wamp\cygupiao\Apps\admin\Home\Conf\config.php 第 4 行.
NOTIC: [8] Use of undefined constant SESSION_AUTO_START - assumed 'SESSION_AUTO_START' D:\wamp\cygupiao\Apps\admin\Home\Conf\config.php 第 5 行.
NOTIC: [8] Use of undefined constant MAIL_CON - assumed 'MAIL_CON' D:\wamp\cygupiao\Apps\admin\Home\Conf\config.php 第 20 行.
NOTIC: [8] Use of undefined constant HOME_JS - assumed 'HOME_JS' D:\wamp\cygupiao\Apps\admin\Home\Conf\config.php 第 29 行.
NOTIC: [8] Use of undefined constant HOME_CSS - assumed 'HOME_CSS' D:\wamp\cygupiao\Apps\admin\Home\Conf\config.php 第 30 行.

[ 2017-10-16T13:36:32+08:00 ] ::1 /admin.php/Home/Sys/index
INFO: [ app_init ] --START--
INFO: Run Behavior\BuildLiteBehavior [ RunTime:0.000000s ]
INFO: [ app_init ] --END-- [ RunTime:0.001000s ]
NOTIC: [8] Use of undefined constant SHOW_PAGE_TRACE - assumed 'SHOW_PAGE_TRACE' D:\wamp\cygupiao\Apps\admin\Home\Conf\config.php 第 4 行.
NOTIC: [8] Use of undefined constant SESSION_AUTO_START - assumed 'SESSION_AUTO_START' D:\wamp\cygupiao\Apps\admin\Home\Conf\config.php 第 5 行.
NOTIC: [8] Use of undefined constant MAIL_CON - assumed 'MAIL_CON' D:\wamp\cygupiao\Apps\admin\Home\Conf\config.php 第 20 行.
NOTIC: [8] Use of undefined constant HOME_JS - assumed 'HOME_JS' D:\wamp\cygupiao\Apps\admin\Home\Conf\config.php 第 29 行.
NOTIC: [8] Use of undefined constant HOME_CSS - assumed 'HOME_CSS' D:\wamp\cygupiao\Apps\admin\Home\Conf\config.php 第 30 行.

[ 2017-10-16T13:36:32+08:00 ] ::1 /admin.php/Home/Sys/index
INFO: [ app_init ] --START--
INFO: Run Behavior\BuildLiteBehavior [ RunTime:0.000000s ]
INFO: [ app_init ] --END-- [ RunTime:0.001000s ]
NOTIC: [8] Use of undefined constant SHOW_PAGE_TRACE - assumed 'SHOW_PAGE_TRACE' D:\wamp\cygupiao\Apps\admin\Home\Conf\config.php 第 4 行.
NOTIC: [8] Use of undefined constant SESSION_AUTO_START - assumed 'SESSION_AUTO_START' D:\wamp\cygupiao\Apps\admin\Home\Conf\config.php 第 5 行.
NOTIC: [8] Use of undefined constant MAIL_CON - assumed 'MAIL_CON' D:\wamp\cygupiao\Apps\admin\Home\Conf\config.php 第 20 行.
NOTIC: [8] Use of undefined constant HOME_JS - assumed 'HOME_JS' D:\wamp\cygupiao\Apps\admin\Home\Conf\config.php 第 29 行.
NOTIC: [8] Use of undefined constant HOME_CSS - assumed 'HOME_CSS' D:\wamp\cygupiao\Apps\admin\Home\Conf\config.php 第 30 行.

[ 2017-10-16T13:36:32+08:00 ] ::1 /admin.php/Home/Sys/index
INFO: [ app_init ] --START--
INFO: Run Behavior\BuildLiteBehavior [ RunTime:0.000000s ]
INFO: [ app_init ] --END-- [ RunTime:0.000000s ]
NOTIC: [8] Use of undefined constant SHOW_PAGE_TRACE - assumed 'SHOW_PAGE_TRACE' D:\wamp\cygupiao\Apps\admin\Home\Conf\config.php 第 4 行.
NOTIC: [8] Use of undefined constant SESSION_AUTO_START - assumed 'SESSION_AUTO_START' D:\wamp\cygupiao\Apps\admin\Home\Conf\config.php 第 5 行.
NOTIC: [8] Use of undefined constant MAIL_CON - assumed 'MAIL_CON' D:\wamp\cygupiao\Apps\admin\Home\Conf\config.php 第 20 行.
NOTIC: [8] Use of undefined constant HOME_JS - assumed 'HOME_JS' D:\wamp\cygupiao\Apps\admin\Home\Conf\config.php 第 29 行.
NOTIC: [8] Use of undefined constant HOME_CSS - assumed 'HOME_CSS' D:\wamp\cygupiao\Apps\admin\Home\Conf\config.php 第 30 行.

[ 2017-10-16T13:36:33+08:00 ] ::1 /admin.php/Home/Sys/index
INFO: [ app_init ] --START--
INFO: Run Behavior\BuildLiteBehavior [ RunTime:0.000000s ]
INFO: [ app_init ] --END-- [ RunTime:0.001000s ]
NOTIC: [8] Use of undefined constant SHOW_PAGE_TRACE - assumed 'SHOW_PAGE_TRACE' D:\wamp\cygupiao\Apps\admin\Home\Conf\config.php 第 4 行.
NOTIC: [8] Use of undefined constant SESSION_AUTO_START - assumed 'SESSION_AUTO_START' D:\wamp\cygupiao\Apps\admin\Home\Conf\config.php 第 5 行.
NOTIC: [8] Use of undefined constant MAIL_CON - assumed 'MAIL_CON' D:\wamp\cygupiao\Apps\admin\Home\Conf\config.php 第 20 行.
NOTIC: [8] Use of undefined constant HOME_JS - assumed 'HOME_JS' D:\wamp\cygupiao\Apps\admin\Home\Conf\config.php 第 29 行.
NOTIC: [8] Use of undefined constant HOME_CSS - assumed 'HOME_CSS' D:\wamp\cygupiao\Apps\admin\Home\Conf\config.php 第 30 行.

[ 2017-10-16T13:37:13+08:00 ] ::1 /admin.php/Home/Sys/index
INFO: [ app_init ] --START--
INFO: Run Behavior\BuildLiteBehavior [ RunTime:0.000000s ]
INFO: [ app_init ] --END-- [ RunTime:0.000000s ]
NOTIC: [8] Use of undefined constant SHOW_PAGE_TRACE - assumed 'SHOW_PAGE_TRACE' D:\wamp\cygupiao\Apps\admin\Home\Conf\config.php 第 4 行.
NOTIC: [8] Use of undefined constant SESSION_AUTO_START - assumed 'SESSION_AUTO_START' D:\wamp\cygupiao\Apps\admin\Home\Conf\config.php 第 5 行.
NOTIC: [8] Use of undefined constant MAIL_CON - assumed 'MAIL_CON' D:\wamp\cygupiao\Apps\admin\Home\Conf\config.php 第 20 行.
NOTIC: [8] Use of undefined constant HOME_JS - assumed 'HOME_JS' D:\wamp\cygupiao\Apps\admin\Home\Conf\config.php 第 29 行.
NOTIC: [8] Use of undefined constant HOME_CSS - assumed 'HOME_CSS' D:\wamp\cygupiao\Apps\admin\Home\Conf\config.php 第 30 行.

[ 2017-10-16T13:38:16+08:00 ] ::1 /admin.php/Home/Sys/index
INFO: [ app_init ] --START--
INFO: Run Behavior\BuildLiteBehavior [ RunTime:0.000000s ]
INFO: [ app_init ] --END-- [ RunTime:0.001000s ]
NOTIC: [8] Use of undefined constant SHOW_PAGE_TRACE - assumed 'SHOW_PAGE_TRACE' D:\wamp\cygupiao\Apps\admin\Home\Conf\config.php 第 4 行.
NOTIC: [8] Use of undefined constant SESSION_AUTO_START - assumed 'SESSION_AUTO_START' D:\wamp\cygupiao\Apps\admin\Home\Conf\config.php 第 5 行.
NOTIC: [8] Use of undefined constant MAIL_CON - assumed 'MAIL_CON' D:\wamp\cygupiao\Apps\admin\Home\Conf\config.php 第 20 行.
NOTIC: [8] Use of undefined constant HOME_JS - assumed 'HOME_JS' D:\wamp\cygupiao\Apps\admin\Home\Conf\config.php 第 29 行.
NOTIC: [8] Use of undefined constant HOME_CSS - assumed 'HOME_CSS' D:\wamp\cygupiao\Apps\admin\Home\Conf\config.php 第 30 行.

[ 2017-10-16T13:38:18+08:00 ] ::1 /admin.php/Home/Sys/changetime
INFO: [ app_init ] --START--
INFO: Run Behavior\BuildLiteBehavior [ RunTime:0.000000s ]
INFO: [ app_init ] --END-- [ RunTime:0.001000s ]
NOTIC: [8] Use of undefined constant SHOW_PAGE_TRACE - assumed 'SHOW_PAGE_TRACE' D:\wamp\cygupiao\Apps\admin\Home\Conf\config.php 第 4 行.
NOTIC: [8] Use of undefined constant SESSION_AUTO_START - assumed 'SESSION_AUTO_START' D:\wamp\cygupiao\Apps\admin\Home\Conf\config.php 第 5 行.
NOTIC: [8] Use of undefined constant MAIL_CON - assumed 'MAIL_CON' D:\wamp\cygupiao\Apps\admin\Home\Conf\config.php 第 20 行.
NOTIC: [8] Use of undefined constant HOME_JS - assumed 'HOME_JS' D:\wamp\cygupiao\Apps\admin\Home\Conf\config.php 第 29 行.
NOTIC: [8] Use of undefined constant HOME_CSS - assumed 'HOME_CSS' D:\wamp\cygupiao\Apps\admin\Home\Conf\config.php 第 30 行.

[ 2017-10-16T13:38:24+08:00 ] ::1 /admin.php/Home/Sys/changetime
INFO: [ app_init ] --START--
INFO: Run Behavior\BuildLiteBehavior [ RunTime:0.000000s ]
INFO: [ app_init ] --END-- [ RunTime:0.001000s ]
NOTIC: [8] Use of undefined constant SHOW_PAGE_TRACE - assumed 'SHOW_PAGE_TRACE' D:\wamp\cygupiao\Apps\admin\Home\Conf\config.php 第 4 行.
NOTIC: [8] Use of undefined constant SESSION_AUTO_START - assumed 'SESSION_AUTO_START' D:\wamp\cygupiao\Apps\admin\Home\Conf\config.php 第 5 行.
NOTIC: [8] Use of undefined constant MAIL_CON - assumed 'MAIL_CON' D:\wamp\cygupiao\Apps\admin\Home\Conf\config.php 第 20 行.
NOTIC: [8] Use of undefined constant HOME_JS - assumed 'HOME_JS' D:\wamp\cygupiao\Apps\admin\Home\Conf\config.php 第 29 行.
NOTIC: [8] Use of undefined constant HOME_CSS - assumed 'HOME_CSS' D:\wamp\cygupiao\Apps\admin\Home\Conf\config.php 第 30 行.

[ 2017-10-16T13:39:26+08:00 ] ::1 /admin.php/Home/Sys/changetime
INFO: [ app_init ] --START--
INFO: Run Behavior\BuildLiteBehavior [ RunTime:0.000000s ]
INFO: [ app_init ] --END-- [ RunTime:0.001000s ]
NOTIC: [8] Use of undefined constant SHOW_PAGE_TRACE - assumed 'SHOW_PAGE_TRACE' D:\wamp\cygupiao\Apps\admin\Home\Conf\config.php 第 4 行.
NOTIC: [8] Use of undefined constant SESSION_AUTO_START - assumed 'SESSION_AUTO_START' D:\wamp\cygupiao\Apps\admin\Home\Conf\config.php 第 5 行.
NOTIC: [8] Use of undefined constant MAIL_CON - assumed 'MAIL_CON' D:\wamp\cygupiao\Apps\admin\Home\Conf\config.php 第 20 行.
NOTIC: [8] Use of undefined constant HOME_JS - assumed 'HOME_JS' D:\wamp\cygupiao\Apps\admin\Home\Conf\config.php 第 29 行.
NOTIC: [8] Use of undefined constant HOME_CSS - assumed 'HOME_CSS' D:\wamp\cygupiao\Apps\admin\Home\Conf\config.php 第 30 行.

[ 2017-10-16T13:40:16+08:00 ] ::1 /admin.php/Home/Sys/index
INFO: [ app_init ] --START--
INFO: Run Behavior\BuildLiteBehavior [ RunTime:0.000000s ]
INFO: [ app_init ] --END-- [ RunTime:0.001000s ]
NOTIC: [8] Use of undefined constant SHOW_PAGE_TRACE - assumed 'SHOW_PAGE_TRACE' D:\wamp\cygupiao\Apps\admin\Home\Conf\config.php 第 4 行.
NOTIC: [8] Use of undefined constant SESSION_AUTO_START - assumed 'SESSION_AUTO_START' D:\wamp\cygupiao\Apps\admin\Home\Conf\config.php 第 5 行.
NOTIC: [8] Use of undefined constant MAIL_CON - assumed 'MAIL_CON' D:\wamp\cygupiao\Apps\admin\Home\Conf\config.php 第 20 行.
NOTIC: [8] Use of undefined constant HOME_JS - assumed 'HOME_JS' D:\wamp\cygupiao\Apps\admin\Home\Conf\config.php 第 29 行.
NOTIC: [8] Use of undefined constant HOME_CSS - assumed 'HOME_CSS' D:\wamp\cygupiao\Apps\admin\Home\Conf\config.php 第 30 行.

[ 2017-10-16T13:40:16+08:00 ] ::1 /admin.php/Home/Sys/index
INFO: [ app_init ] --START--
INFO: Run Behavior\BuildLiteBehavior [ RunTime:0.000000s ]
INFO: [ app_init ] --END-- [ RunTime:0.001000s ]
NOTIC: [8] Use of undefined constant SHOW_PAGE_TRACE - assumed 'SHOW_PAGE_TRACE' D:\wamp\cygupiao\Apps\admin\Home\Conf\config.php 第 4 行.
NOTIC: [8] Use of undefined constant SESSION_AUTO_START - assumed 'SESSION_AUTO_START' D:\wamp\cygupiao\Apps\admin\Home\Conf\config.php 第 5 行.
NOTIC: [8] Use of undefined constant MAIL_CON - assumed 'MAIL_CON' D:\wamp\cygupiao\Apps\admin\Home\Conf\config.php 第 20 行.
NOTIC: [8] Use of undefined constant HOME_JS - assumed 'HOME_JS' D:\wamp\cygupiao\Apps\admin\Home\Conf\config.php 第 29 行.
NOTIC: [8] Use of undefined constant HOME_CSS - assumed 'HOME_CSS' D:\wamp\cygupiao\Apps\admin\Home\Conf\config.php 第 30 行.

[ 2017-10-16T13:41:39+08:00 ] ::1 /admin.php/Home/Sys/index
INFO: [ app_init ] --START--
INFO: Run Behavior\BuildLiteBehavior [ RunTime:0.000000s ]
INFO: [ app_init ] --END-- [ RunTime:0.001000s ]
NOTIC: [8] Use of undefined constant SHOW_PAGE_TRACE - assumed 'SHOW_PAGE_TRACE' D:\wamp\cygupiao\Apps\admin\Home\Conf\config.php 第 4 行.
NOTIC: [8] Use of undefined constant SESSION_AUTO_START - assumed 'SESSION_AUTO_START' D:\wamp\cygupiao\Apps\admin\Home\Conf\config.php 第 5 行.
NOTIC: [8] Use of undefined constant MAIL_CON - assumed 'MAIL_CON' D:\wamp\cygupiao\Apps\admin\Home\Conf\config.php 第 20 行.
NOTIC: [8] Use of undefined constant HOME_JS - assumed 'HOME_JS' D:\wamp\cygupiao\Apps\admin\Home\Conf\config.php 第 29 行.
NOTIC: [8] Use of undefined constant HOME_CSS - assumed 'HOME_CSS' D:\wamp\cygupiao\Apps\admin\Home\Conf\config.php 第 30 行.

[ 2017-10-16T13:41:40+08:00 ] ::1 /admin.php/Home/Sys/index
INFO: [ app_init ] --START--
INFO: Run Behavior\BuildLiteBehavior [ RunTime:0.000000s ]
INFO: [ app_init ] --END-- [ RunTime:0.001000s ]
NOTIC: [8] Use of undefined constant SHOW_PAGE_TRACE - assumed 'SHOW_PAGE_TRACE' D:\wamp\cygupiao\Apps\admin\Home\Conf\config.php 第 4 行.
NOTIC: [8] Use of undefined constant SESSION_AUTO_START - assumed 'SESSION_AUTO_START' D:\wamp\cygupiao\Apps\admin\Home\Conf\config.php 第 5 行.
NOTIC: [8] Use of undefined constant MAIL_CON - assumed 'MAIL_CON' D:\wamp\cygupiao\Apps\admin\Home\Conf\config.php 第 20 行.
NOTIC: [8] Use of undefined constant HOME_JS - assumed 'HOME_JS' D:\wamp\cygupiao\Apps\admin\Home\Conf\config.php 第 29 行.
NOTIC: [8] Use of undefined constant HOME_CSS - assumed 'HOME_CSS' D:\wamp\cygupiao\Apps\admin\Home\Conf\config.php 第 30 行.

[ 2017-10-16T13:42:23+08:00 ] ::1 /admin.php/Home/Sys/index
INFO: [ app_init ] --START--
INFO: Run Behavior\BuildLiteBehavior [ RunTime:0.000000s ]
INFO: [ app_init ] --END-- [ RunTime:0.001000s ]
NOTIC: [8] Use of undefined constant SHOW_PAGE_TRACE - assumed 'SHOW_PAGE_TRACE' D:\wamp\cygupiao\Apps\admin\Home\Conf\config.php 第 4 行.
NOTIC: [8] Use of undefined constant SESSION_AUTO_START - assumed 'SESSION_AUTO_START' D:\wamp\cygupiao\Apps\admin\Home\Conf\config.php 第 5 行.
NOTIC: [8] Use of undefined constant MAIL_CON - assumed 'MAIL_CON' D:\wamp\cygupiao\Apps\admin\Home\Conf\config.php 第 20 行.
NOTIC: [8] Use of undefined constant HOME_JS - assumed 'HOME_JS' D:\wamp\cygupiao\Apps\admin\Home\Conf\config.php 第 29 行.
NOTIC: [8] Use of undefined constant HOME_CSS - assumed 'HOME_CSS' D:\wamp\cygupiao\Apps\admin\Home\Conf\config.php 第 30 行.

[ 2017-10-16T13:44:26+08:00 ] ::1 /admin.php/Home/Sys/index
INFO: [ app_init ] --START--
INFO: Run Behavior\BuildLiteBehavior [ RunTime:0.000000s ]
INFO: [ app_init ] --END-- [ RunTime:0.001000s ]
NOTIC: [8] Use of undefined constant SHOW_PAGE_TRACE - assumed 'SHOW_PAGE_TRACE' D:\wamp\cygupiao\Apps\admin\Home\Conf\config.php 第 4 行.
NOTIC: [8] Use of undefined constant SESSION_AUTO_START - assumed 'SESSION_AUTO_START' D:\wamp\cygupiao\Apps\admin\Home\Conf\config.php 第 5 行.
NOTIC: [8] Use of undefined constant MAIL_CON - assumed 'MAIL_CON' D:\wamp\cygupiao\Apps\admin\Home\Conf\config.php 第 20 行.
NOTIC: [8] Use of undefined constant HOME_JS - assumed 'HOME_JS' D:\wamp\cygupiao\Apps\admin\Home\Conf\config.php 第 29 行.
NOTIC: [8] Use of undefined constant HOME_CSS - assumed 'HOME_CSS' D:\wamp\cygupiao\Apps\admin\Home\Conf\config.php 第 30 行.

[ 2017-10-16T13:44:27+08:00 ] ::1 /admin.php/Home/Sys/changetime
INFO: [ app_init ] --START--
INFO: Run Behavior\BuildLiteBehavior [ RunTime:0.000000s ]
INFO: [ app_init ] --END-- [ RunTime:0.001000s ]
NOTIC: [8] Use of undefined constant SHOW_PAGE_TRACE - assumed 'SHOW_PAGE_TRACE' D:\wamp\cygupiao\Apps\admin\Home\Conf\config.php 第 4 行.
NOTIC: [8] Use of undefined constant SESSION_AUTO_START - assumed 'SESSION_AUTO_START' D:\wamp\cygupiao\Apps\admin\Home\Conf\config.php 第 5 行.
NOTIC: [8] Use of undefined constant MAIL_CON - assumed 'MAIL_CON' D:\wamp\cygupiao\Apps\admin\Home\Conf\config.php 第 20 行.
NOTIC: [8] Use of undefined constant HOME_JS - assumed 'HOME_JS' D:\wamp\cygupiao\Apps\admin\Home\Conf\config.php 第 29 行.
NOTIC: [8] Use of undefined constant HOME_CSS - assumed 'HOME_CSS' D:\wamp\cygupiao\Apps\admin\Home\Conf\config.php 第 30 行.

[ 2017-10-16T13:44:39+08:00 ] ::1 /admin.php/Home/Sys/changetime
INFO: [ app_init ] --START--
INFO: Run Behavior\BuildLiteBehavior [ RunTime:0.000000s ]
INFO: [ app_init ] --END-- [ RunTime:0.001000s ]
NOTIC: [8] Use of undefined constant SHOW_PAGE_TRACE - assumed 'SHOW_PAGE_TRACE' D:\wamp\cygupiao\Apps\admin\Home\Conf\config.php 第 4 行.
NOTIC: [8] Use of undefined constant SESSION_AUTO_START - assumed 'SESSION_AUTO_START' D:\wamp\cygupiao\Apps\admin\Home\Conf\config.php 第 5 行.
NOTIC: [8] Use of undefined constant MAIL_CON - assumed 'MAIL_CON' D:\wamp\cygupiao\Apps\admin\Home\Conf\config.php 第 20 行.
NOTIC: [8] Use of undefined constant HOME_JS - assumed 'HOME_JS' D:\wamp\cygupiao\Apps\admin\Home\Conf\config.php 第 29 行.
NOTIC: [8] Use of undefined constant HOME_CSS - assumed 'HOME_CSS' D:\wamp\cygupiao\Apps\admin\Home\Conf\config.php 第 30 行.

[ 2017-10-16T13:44:40+08:00 ] ::1 /admin.php/Home/Sys/index
INFO: [ app_init ] --START--
INFO: Run Behavior\BuildLiteBehavior [ RunTime:0.000000s ]
INFO: [ app_init ] --END-- [ RunTime:0.001000s ]
NOTIC: [8] Use of undefined constant SHOW_PAGE_TRACE - assumed 'SHOW_PAGE_TRACE' D:\wamp\cygupiao\Apps\admin\Home\Conf\config.php 第 4 行.
NOTIC: [8] Use of undefined constant SESSION_AUTO_START - assumed 'SESSION_AUTO_START' D:\wamp\cygupiao\Apps\admin\Home\Conf\config.php 第 5 行.
NOTIC: [8] Use of undefined constant MAIL_CON - assumed 'MAIL_CON' D:\wamp\cygupiao\Apps\admin\Home\Conf\config.php 第 20 行.
NOTIC: [8] Use of undefined constant HOME_JS - assumed 'HOME_JS' D:\wamp\cygupiao\Apps\admin\Home\Conf\config.php 第 29 行.
NOTIC: [8] Use of undefined constant HOME_CSS - assumed 'HOME_CSS' D:\wamp\cygupiao\Apps\admin\Home\Conf\config.php 第 30 行.

[ 2017-10-16T13:44:51+08:00 ] ::1 /admin.php/Home/Sys/index
INFO: [ app_init ] --START--
INFO: Run Behavior\BuildLiteBehavior [ RunTime:0.000000s ]
INFO: [ app_init ] --END-- [ RunTime:0.001001s ]
NOTIC: [8] Use of undefined constant SHOW_PAGE_TRACE - assumed 'SHOW_PAGE_TRACE' D:\wamp\cygupiao\Apps\admin\Home\Conf\config.php 第 4 行.
NOTIC: [8] Use of undefined constant SESSION_AUTO_START - assumed 'SESSION_AUTO_START' D:\wamp\cygupiao\Apps\admin\Home\Conf\config.php 第 5 行.
NOTIC: [8] Use of undefined constant MAIL_CON - assumed 'MAIL_CON' D:\wamp\cygupiao\Apps\admin\Home\Conf\config.php 第 20 行.
NOTIC: [8] Use of undefined constant HOME_JS - assumed 'HOME_JS' D:\wamp\cygupiao\Apps\admin\Home\Conf\config.php 第 29 行.
NOTIC: [8] Use of undefined constant HOME_CSS - assumed 'HOME_CSS' D:\wamp\cygupiao\Apps\admin\Home\Conf\config.php 第 30 行.

[ 2017-10-16T13:45:01+08:00 ] ::1 /admin.php/Home/Sys/changetime
INFO: [ app_init ] --START--
INFO: Run Behavior\BuildLiteBehavior [ RunTime:0.000000s ]
INFO: [ app_init ] --END-- [ RunTime:0.001000s ]
NOTIC: [8] Use of undefined constant SHOW_PAGE_TRACE - assumed 'SHOW_PAGE_TRACE' D:\wamp\cygupiao\Apps\admin\Home\Conf\config.php 第 4 行.
NOTIC: [8] Use of undefined constant SESSION_AUTO_START - assumed 'SESSION_AUTO_START' D:\wamp\cygupiao\Apps\admin\Home\Conf\config.php 第 5 行.
NOTIC: [8] Use of undefined constant MAIL_CON - assumed 'MAIL_CON' D:\wamp\cygupiao\Apps\admin\Home\Conf\config.php 第 20 行.
NOTIC: [8] Use of undefined constant HOME_JS - assumed 'HOME_JS' D:\wamp\cygupiao\Apps\admin\Home\Conf\config.php 第 29 行.
NOTIC: [8] Use of undefined constant HOME_CSS - assumed 'HOME_CSS' D:\wamp\cygupiao\Apps\admin\Home\Conf\config.php 第 30 行.

[ 2017-10-16T13:45:02+08:00 ] ::1 /admin.php/Home/Sys/index
INFO: [ app_init ] --START--
INFO: Run Behavior\BuildLiteBehavior [ RunTime:0.000000s ]
INFO: [ app_init ] --END-- [ RunTime:0.001000s ]
NOTIC: [8] Use of undefined constant SHOW_PAGE_TRACE - assumed 'SHOW_PAGE_TRACE' D:\wamp\cygupiao\Apps\admin\Home\Conf\config.php 第 4 行.
NOTIC: [8] Use of undefined constant SESSION_AUTO_START - assumed 'SESSION_AUTO_START' D:\wamp\cygupiao\Apps\admin\Home\Conf\config.php 第 5 行.
NOTIC: [8] Use of undefined constant MAIL_CON - assumed 'MAIL_CON' D:\wamp\cygupiao\Apps\admin\Home\Conf\config.php 第 20 行.
NOTIC: [8] Use of undefined constant HOME_JS - assumed 'HOME_JS' D:\wamp\cygupiao\Apps\admin\Home\Conf\config.php 第 29 行.
NOTIC: [8] Use of undefined constant HOME_CSS - assumed 'HOME_CSS' D:\wamp\cygupiao\Apps\admin\Home\Conf\config.php 第 30 行.

[ 2017-10-16T13:45:24+08:00 ] ::1 /admin.php/Home/Sys/index
INFO: [ app_init ] --START--
INFO: Run Behavior\BuildLiteBehavior [ RunTime:0.000000s ]
INFO: [ app_init ] --END-- [ RunTime:0.001000s ]
NOTIC: [8] Use of undefined constant SHOW_PAGE_TRACE - assumed 'SHOW_PAGE_TRACE' D:\wamp\cygupiao\Apps\admin\Home\Conf\config.php 第 4 行.
NOTIC: [8] Use of undefined constant SESSION_AUTO_START - assumed 'SESSION_AUTO_START' D:\wamp\cygupiao\Apps\admin\Home\Conf\config.php 第 5 行.
NOTIC: [8] Use of undefined constant MAIL_CON - assumed 'MAIL_CON' D:\wamp\cygupiao\Apps\admin\Home\Conf\config.php 第 20 行.
NOTIC: [8] Use of undefined constant HOME_JS - assumed 'HOME_JS' D:\wamp\cygupiao\Apps\admin\Home\Conf\config.php 第 29 行.
NOTIC: [8] Use of undefined constant HOME_CSS - assumed 'HOME_CSS' D:\wamp\cygupiao\Apps\admin\Home\Conf\config.php 第 30 行.

[ 2017-10-16T13:47:28+08:00 ] ::1 /admin.php/Home/Sys/index
INFO: [ app_init ] --START--
INFO: Run Behavior\BuildLiteBehavior [ RunTime:0.000000s ]
INFO: [ app_init ] --END-- [ RunTime:0.001000s ]
NOTIC: [8] Use of undefined constant SHOW_PAGE_TRACE - assumed 'SHOW_PAGE_TRACE' D:\wamp\cygupiao\Apps\admin\Home\Conf\config.php 第 4 行.
NOTIC: [8] Use of undefined constant SESSION_AUTO_START - assumed 'SESSION_AUTO_START' D:\wamp\cygupiao\Apps\admin\Home\Conf\config.php 第 5 行.
NOTIC: [8] Use of undefined constant MAIL_CON - assumed 'MAIL_CON' D:\wamp\cygupiao\Apps\admin\Home\Conf\config.php 第 20 行.
NOTIC: [8] Use of undefined constant HOME_JS - assumed 'HOME_JS' D:\wamp\cygupiao\Apps\admin\Home\Conf\config.php 第 29 行.
NOTIC: [8] Use of undefined constant HOME_CSS - assumed 'HOME_CSS' D:\wamp\cygupiao\Apps\admin\Home\Conf\config.php 第 30 行.

[ 2017-10-16T13:47:36+08:00 ] ::1 /admin.php/Home/Sys/changetime
INFO: [ app_init ] --START--
INFO: Run Behavior\BuildLiteBehavior [ RunTime:0.000000s ]
INFO: [ app_init ] --END-- [ RunTime:0.001000s ]
NOTIC: [8] Use of undefined constant SHOW_PAGE_TRACE - assumed 'SHOW_PAGE_TRACE' D:\wamp\cygupiao\Apps\admin\Home\Conf\config.php 第 4 行.
NOTIC: [8] Use of undefined constant SESSION_AUTO_START - assumed 'SESSION_AUTO_START' D:\wamp\cygupiao\Apps\admin\Home\Conf\config.php 第 5 行.
NOTIC: [8] Use of undefined constant MAIL_CON - assumed 'MAIL_CON' D:\wamp\cygupiao\Apps\admin\Home\Conf\config.php 第 20 行.
NOTIC: [8] Use of undefined constant HOME_JS - assumed 'HOME_JS' D:\wamp\cygupiao\Apps\admin\Home\Conf\config.php 第 29 行.
NOTIC: [8] Use of undefined constant HOME_CSS - assumed 'HOME_CSS' D:\wamp\cygupiao\Apps\admin\Home\Conf\config.php 第 30 行.

[ 2017-10-16T13:48:52+08:00 ] ::1 /admin.php/Home/Sys/changetime
INFO: [ app_init ] --START--
INFO: Run Behavior\BuildLiteBehavior [ RunTime:0.000000s ]
INFO: [ app_init ] --END-- [ RunTime:0.001000s ]
NOTIC: [8] Use of undefined constant SHOW_PAGE_TRACE - assumed 'SHOW_PAGE_TRACE' D:\wamp\cygupiao\Apps\admin\Home\Conf\config.php 第 4 行.
NOTIC: [8] Use of undefined constant SESSION_AUTO_START - assumed 'SESSION_AUTO_START' D:\wamp\cygupiao\Apps\admin\Home\Conf\config.php 第 5 行.
NOTIC: [8] Use of undefined constant MAIL_CON - assumed 'MAIL_CON' D:\wamp\cygupiao\Apps\admin\Home\Conf\config.php 第 20 行.
NOTIC: [8] Use of undefined constant HOME_JS - assumed 'HOME_JS' D:\wamp\cygupiao\Apps\admin\Home\Conf\config.php 第 29 行.
NOTIC: [8] Use of undefined constant HOME_CSS - assumed 'HOME_CSS' D:\wamp\cygupiao\Apps\admin\Home\Conf\config.php 第 30 行.

[ 2017-10-16T13:48:53+08:00 ] ::1 /admin.php/Home/Sys/index
INFO: [ app_init ] --START--
INFO: Run Behavior\BuildLiteBehavior [ RunTime:0.000000s ]
INFO: [ app_init ] --END-- [ RunTime:0.001000s ]
NOTIC: [8] Use of undefined constant SHOW_PAGE_TRACE - assumed 'SHOW_PAGE_TRACE' D:\wamp\cygupiao\Apps\admin\Home\Conf\config.php 第 4 行.
NOTIC: [8] Use of undefined constant SESSION_AUTO_START - assumed 'SESSION_AUTO_START' D:\wamp\cygupiao\Apps\admin\Home\Conf\config.php 第 5 行.
NOTIC: [8] Use of undefined constant MAIL_CON - assumed 'MAIL_CON' D:\wamp\cygupiao\Apps\admin\Home\Conf\config.php 第 20 行.
NOTIC: [8] Use of undefined constant HOME_JS - assumed 'HOME_JS' D:\wamp\cygupiao\Apps\admin\Home\Conf\config.php 第 29 行.
NOTIC: [8] Use of undefined constant HOME_CSS - assumed 'HOME_CSS' D:\wamp\cygupiao\Apps\admin\Home\Conf\config.php 第 30 行.

[ 2017-10-16T13:53:07+08:00 ] ::1 /admin.php/Home/Sys/index
INFO: [ app_init ] --START--
INFO: Run Behavior\BuildLiteBehavior [ RunTime:0.000000s ]
INFO: [ app_init ] --END-- [ RunTime:0.001000s ]
NOTIC: [8] Use of undefined constant SHOW_PAGE_TRACE - assumed 'SHOW_PAGE_TRACE' D:\wamp\cygupiao\Apps\admin\Home\Conf\config.php 第 4 行.
NOTIC: [8] Use of undefined constant SESSION_AUTO_START - assumed 'SESSION_AUTO_START' D:\wamp\cygupiao\Apps\admin\Home\Conf\config.php 第 5 行.
NOTIC: [8] Use of undefined constant MAIL_CON - assumed 'MAIL_CON' D:\wamp\cygupiao\Apps\admin\Home\Conf\config.php 第 20 行.
NOTIC: [8] Use of undefined constant HOME_JS - assumed 'HOME_JS' D:\wamp\cygupiao\Apps\admin\Home\Conf\config.php 第 29 行.
NOTIC: [8] Use of undefined constant HOME_CSS - assumed 'HOME_CSS' D:\wamp\cygupiao\Apps\admin\Home\Conf\config.php 第 30 行.

[ 2017-10-16T13:58:01+08:00 ] ::1 /admin.php/Home/Sys/changetime
INFO: [ app_init ] --START--
INFO: Run Behavior\BuildLiteBehavior [ RunTime:0.000000s ]
INFO: [ app_init ] --END-- [ RunTime:0.001000s ]
NOTIC: [8] Use of undefined constant SHOW_PAGE_TRACE - assumed 'SHOW_PAGE_TRACE' D:\wamp\cygupiao\Apps\admin\Home\Conf\config.php 第 4 行.
NOTIC: [8] Use of undefined constant SESSION_AUTO_START - assumed 'SESSION_AUTO_START' D:\wamp\cygupiao\Apps\admin\Home\Conf\config.php 第 5 行.
NOTIC: [8] Use of undefined constant MAIL_CON - assumed 'MAIL_CON' D:\wamp\cygupiao\Apps\admin\Home\Conf\config.php 第 20 行.
NOTIC: [8] Use of undefined constant HOME_JS - assumed 'HOME_JS' D:\wamp\cygupiao\Apps\admin\Home\Conf\config.php 第 29 行.
NOTIC: [8] Use of undefined constant HOME_CSS - assumed 'HOME_CSS' D:\wamp\cygupiao\Apps\admin\Home\Conf\config.php 第 30 行.

[ 2017-10-16T13:58:02+08:00 ] ::1 /admin.php/Home/Sys/index
INFO: [ app_init ] --START--
INFO: Run Behavior\BuildLiteBehavior [ RunTime:0.000000s ]
INFO: [ app_init ] --END-- [ RunTime:0.000000s ]
NOTIC: [8] Use of undefined constant SHOW_PAGE_TRACE - assumed 'SHOW_PAGE_TRACE' D:\wamp\cygupiao\Apps\admin\Home\Conf\config.php 第 4 行.
NOTIC: [8] Use of undefined constant SESSION_AUTO_START - assumed 'SESSION_AUTO_START' D:\wamp\cygupiao\Apps\admin\Home\Conf\config.php 第 5 行.
NOTIC: [8] Use of undefined constant MAIL_CON - assumed 'MAIL_CON' D:\wamp\cygupiao\Apps\admin\Home\Conf\config.php 第 20 行.
NOTIC: [8] Use of undefined constant HOME_JS - assumed 'HOME_JS' D:\wamp\cygupiao\Apps\admin\Home\Conf\config.php 第 29 行.
NOTIC: [8] Use of undefined constant HOME_CSS - assumed 'HOME_CSS' D:\wamp\cygupiao\Apps\admin\Home\Conf\config.php 第 30 行.

[ 2017-10-16T13:58:12+08:00 ] ::1 /admin.php/Home/Sys/changetime
INFO: [ app_init ] --START--
INFO: Run Behavior\BuildLiteBehavior [ RunTime:0.000000s ]
INFO: [ app_init ] --END-- [ RunTime:0.001000s ]
NOTIC: [8] Use of undefined constant SHOW_PAGE_TRACE - assumed 'SHOW_PAGE_TRACE' D:\wamp\cygupiao\Apps\admin\Home\Conf\config.php 第 4 行.
NOTIC: [8] Use of undefined constant SESSION_AUTO_START - assumed 'SESSION_AUTO_START' D:\wamp\cygupiao\Apps\admin\Home\Conf\config.php 第 5 行.
NOTIC: [8] Use of undefined constant MAIL_CON - assumed 'MAIL_CON' D:\wamp\cygupiao\Apps\admin\Home\Conf\config.php 第 20 行.
NOTIC: [8] Use of undefined constant HOME_JS - assumed 'HOME_JS' D:\wamp\cygupiao\Apps\admin\Home\Conf\config.php 第 29 行.
NOTIC: [8] Use of undefined constant HOME_CSS - assumed 'HOME_CSS' D:\wamp\cygupiao\Apps\admin\Home\Conf\config.php 第 30 行.

[ 2017-10-16T13:58:13+08:00 ] ::1 /admin.php/Home/Sys/index
INFO: [ app_init ] --START--
INFO: Run Behavior\BuildLiteBehavior [ RunTime:0.000000s ]
INFO: [ app_init ] --END-- [ RunTime:0.001000s ]
NOTIC: [8] Use of undefined constant SHOW_PAGE_TRACE - assumed 'SHOW_PAGE_TRACE' D:\wamp\cygupiao\Apps\admin\Home\Conf\config.php 第 4 行.
NOTIC: [8] Use of undefined constant SESSION_AUTO_START - assumed 'SESSION_AUTO_START' D:\wamp\cygupiao\Apps\admin\Home\Conf\config.php 第 5 行.
NOTIC: [8] Use of undefined constant MAIL_CON - assumed 'MAIL_CON' D:\wamp\cygupiao\Apps\admin\Home\Conf\config.php 第 20 行.
NOTIC: [8] Use of undefined constant HOME_JS - assumed 'HOME_JS' D:\wamp\cygupiao\Apps\admin\Home\Conf\config.php 第 29 行.
NOTIC: [8] Use of undefined constant HOME_CSS - assumed 'HOME_CSS' D:\wamp\cygupiao\Apps\admin\Home\Conf\config.php 第 30 行.

[ 2017-10-16T14:00:48+08:00 ] ::1 /admin.php/Home/Sys/index
INFO: [ app_init ] --START--
INFO: Run Behavior\BuildLiteBehavior [ RunTime:0.000000s ]
INFO: [ app_init ] --END-- [ RunTime:0.001000s ]
NOTIC: [8] Use of undefined constant SHOW_PAGE_TRACE - assumed 'SHOW_PAGE_TRACE' D:\wamp\cygupiao\Apps\admin\Home\Conf\config.php 第 4 行.
NOTIC: [8] Use of undefined constant SESSION_AUTO_START - assumed 'SESSION_AUTO_START' D:\wamp\cygupiao\Apps\admin\Home\Conf\config.php 第 5 行.
NOTIC: [8] Use of undefined constant MAIL_CON - assumed 'MAIL_CON' D:\wamp\cygupiao\Apps\admin\Home\Conf\config.php 第 20 行.
NOTIC: [8] Use of undefined constant HOME_JS - assumed 'HOME_JS' D:\wamp\cygupiao\Apps\admin\Home\Conf\config.php 第 29 行.
NOTIC: [8] Use of undefined constant HOME_CSS - assumed 'HOME_CSS' D:\wamp\cygupiao\Apps\admin\Home\Conf\config.php 第 30 行.

[ 2017-10-16T14:13:01+08:00 ] ::1 /admin.php
INFO: [ app_init ] --START--
INFO: Run Behavior\BuildLiteBehavior [ RunTime:0.000000s ]
INFO: [ app_init ] --END-- [ RunTime:0.001000s ]
NOTIC: [8] Use of undefined constant SHOW_PAGE_TRACE - assumed 'SHOW_PAGE_TRACE' D:\wamp\cygupiao\Apps\admin\Home\Conf\config.php 第 4 行.
NOTIC: [8] Use of undefined constant SESSION_AUTO_START - assumed 'SESSION_AUTO_START' D:\wamp\cygupiao\Apps\admin\Home\Conf\config.php 第 5 行.
NOTIC: [8] Use of undefined constant MAIL_CON - assumed 'MAIL_CON' D:\wamp\cygupiao\Apps\admin\Home\Conf\config.php 第 20 行.
NOTIC: [8] Use of undefined constant HOME_JS - assumed 'HOME_JS' D:\wamp\cygupiao\Apps\admin\Home\Conf\config.php 第 29 行.
NOTIC: [8] Use of undefined constant HOME_CSS - assumed 'HOME_CSS' D:\wamp\cygupiao\Apps\admin\Home\Conf\config.php 第 30 行.

[ 2017-10-16T14:13:04+08:00 ] ::1 /admin.php/Home/User/index
INFO: [ app_init ] --START--
INFO: Run Behavior\BuildLiteBehavior [ RunTime:0.000000s ]
INFO: [ app_init ] --END-- [ RunTime:0.000000s ]
NOTIC: [8] Use of undefined constant SHOW_PAGE_TRACE - assumed 'SHOW_PAGE_TRACE' D:\wamp\cygupiao\Apps\admin\Home\Conf\config.php 第 4 行.
NOTIC: [8] Use of undefined constant SESSION_AUTO_START - assumed 'SESSION_AUTO_START' D:\wamp\cygupiao\Apps\admin\Home\Conf\config.php 第 5 行.
NOTIC: [8] Use of undefined constant MAIL_CON - assumed 'MAIL_CON' D:\wamp\cygupiao\Apps\admin\Home\Conf\config.php 第 20 行.
NOTIC: [8] Use of undefined constant HOME_JS - assumed 'HOME_JS' D:\wamp\cygupiao\Apps\admin\Home\Conf\config.php 第 29 行.
NOTIC: [8] Use of undefined constant HOME_CSS - assumed 'HOME_CSS' D:\wamp\cygupiao\Apps\admin\Home\Conf\config.php 第 30 行.

[ 2017-10-16T14:13:09+08:00 ] ::1 /admin.php/Home/User/index
INFO: [ app_init ] --START--
INFO: Run Behavior\BuildLiteBehavior [ RunTime:0.000000s ]
INFO: [ app_init ] --END-- [ RunTime:0.000000s ]
NOTIC: [8] Use of undefined constant SHOW_PAGE_TRACE - assumed 'SHOW_PAGE_TRACE' D:\wamp\cygupiao\Apps\admin\Home\Conf\config.php 第 4 行.
NOTIC: [8] Use of undefined constant SESSION_AUTO_START - assumed 'SESSION_AUTO_START' D:\wamp\cygupiao\Apps\admin\Home\Conf\config.php 第 5 行.
NOTIC: [8] Use of undefined constant MAIL_CON - assumed 'MAIL_CON' D:\wamp\cygupiao\Apps\admin\Home\Conf\config.php 第 20 行.
NOTIC: [8] Use of undefined constant HOME_JS - assumed 'HOME_JS' D:\wamp\cygupiao\Apps\admin\Home\Conf\config.php 第 29 行.
NOTIC: [8] Use of undefined constant HOME_CSS - assumed 'HOME_CSS' D:\wamp\cygupiao\Apps\admin\Home\Conf\config.php 第 30 行.

[ 2017-10-16T14:13:18+08:00 ] ::1 /admin.php/Home/Deposit/index
INFO: [ app_init ] --START--
INFO: Run Behavior\BuildLiteBehavior [ RunTime:0.000000s ]
INFO: [ app_init ] --END-- [ RunTime:0.001000s ]
NOTIC: [8] Use of undefined constant SHOW_PAGE_TRACE - assumed 'SHOW_PAGE_TRACE' D:\wamp\cygupiao\Apps\admin\Home\Conf\config.php 第 4 行.
NOTIC: [8] Use of undefined constant SESSION_AUTO_START - assumed 'SESSION_AUTO_START' D:\wamp\cygupiao\Apps\admin\Home\Conf\config.php 第 5 行.
NOTIC: [8] Use of undefined constant MAIL_CON - assumed 'MAIL_CON' D:\wamp\cygupiao\Apps\admin\Home\Conf\config.php 第 20 行.
NOTIC: [8] Use of undefined constant HOME_JS - assumed 'HOME_JS' D:\wamp\cygupiao\Apps\admin\Home\Conf\config.php 第 29 行.
NOTIC: [8] Use of undefined constant HOME_CSS - assumed 'HOME_CSS' D:\wamp\cygupiao\Apps\admin\Home\Conf\config.php 第 30 行.

[ 2017-10-16T14:13:20+08:00 ] ::1 /admin.php/Home/Withdraw/index
INFO: [ app_init ] --START--
INFO: Run Behavior\BuildLiteBehavior [ RunTime:0.000000s ]
INFO: [ app_init ] --END-- [ RunTime:0.001000s ]
NOTIC: [8] Use of undefined constant SHOW_PAGE_TRACE - assumed 'SHOW_PAGE_TRACE' D:\wamp\cygupiao\Apps\admin\Home\Conf\config.php 第 4 行.
NOTIC: [8] Use of undefined constant SESSION_AUTO_START - assumed 'SESSION_AUTO_START' D:\wamp\cygupiao\Apps\admin\Home\Conf\config.php 第 5 行.
NOTIC: [8] Use of undefined constant MAIL_CON - assumed 'MAIL_CON' D:\wamp\cygupiao\Apps\admin\Home\Conf\config.php 第 20 行.
NOTIC: [8] Use of undefined constant HOME_JS - assumed 'HOME_JS' D:\wamp\cygupiao\Apps\admin\Home\Conf\config.php 第 29 行.
NOTIC: [8] Use of undefined constant HOME_CSS - assumed 'HOME_CSS' D:\wamp\cygupiao\Apps\admin\Home\Conf\config.php 第 30 行.

[ 2017-10-16T14:13:22+08:00 ] ::1 /admin.php/Home/Sys/index
INFO: [ app_init ] --START--
INFO: Run Behavior\BuildLiteBehavior [ RunTime:0.000000s ]
INFO: [ app_init ] --END-- [ RunTime:0.001000s ]
NOTIC: [8] Use of undefined constant SHOW_PAGE_TRACE - assumed 'SHOW_PAGE_TRACE' D:\wamp\cygupiao\Apps\admin\Home\Conf\config.php 第 4 行.
NOTIC: [8] Use of undefined constant SESSION_AUTO_START - assumed 'SESSION_AUTO_START' D:\wamp\cygupiao\Apps\admin\Home\Conf\config.php 第 5 行.
NOTIC: [8] Use of undefined constant MAIL_CON - assumed 'MAIL_CON' D:\wamp\cygupiao\Apps\admin\Home\Conf\config.php 第 20 行.
NOTIC: [8] Use of undefined constant HOME_JS - assumed 'HOME_JS' D:\wamp\cygupiao\Apps\admin\Home\Conf\config.php 第 29 行.
NOTIC: [8] Use of undefined constant HOME_CSS - assumed 'HOME_CSS' D:\wamp\cygupiao\Apps\admin\Home\Conf\config.php 第 30 行.

[ 2017-10-16T14:13:25+08:00 ] ::1 /admin.php/Home/Deposit/index
INFO: [ app_init ] --START--
INFO: Run Behavior\BuildLiteBehavior [ RunTime:0.000000s ]
INFO: [ app_init ] --END-- [ RunTime:0.001001s ]
NOTIC: [8] Use of undefined constant SHOW_PAGE_TRACE - assumed 'SHOW_PAGE_TRACE' D:\wamp\cygupiao\Apps\admin\Home\Conf\config.php 第 4 行.
NOTIC: [8] Use of undefined constant SESSION_AUTO_START - assumed 'SESSION_AUTO_START' D:\wamp\cygupiao\Apps\admin\Home\Conf\config.php 第 5 行.
NOTIC: [8] Use of undefined constant MAIL_CON - assumed 'MAIL_CON' D:\wamp\cygupiao\Apps\admin\Home\Conf\config.php 第 20 行.
NOTIC: [8] Use of undefined constant HOME_JS - assumed 'HOME_JS' D:\wamp\cygupiao\Apps\admin\Home\Conf\config.php 第 29 行.
NOTIC: [8] Use of undefined constant HOME_CSS - assumed 'HOME_CSS' D:\wamp\cygupiao\Apps\admin\Home\Conf\config.php 第 30 行.

[ 2017-10-16T14:13:27+08:00 ] ::1 /admin.php/Home/Withdraw/index
INFO: [ app_init ] --START--
INFO: Run Behavior\BuildLiteBehavior [ RunTime:0.000000s ]
INFO: [ app_init ] --END-- [ RunTime:0.001000s ]
NOTIC: [8] Use of undefined constant SHOW_PAGE_TRACE - assumed 'SHOW_PAGE_TRACE' D:\wamp\cygupiao\Apps\admin\Home\Conf\config.php 第 4 行.
NOTIC: [8] Use of undefined constant SESSION_AUTO_START - assumed 'SESSION_AUTO_START' D:\wamp\cygupiao\Apps\admin\Home\Conf\config.php 第 5 行.
NOTIC: [8] Use of undefined constant MAIL_CON - assumed 'MAIL_CON' D:\wamp\cygupiao\Apps\admin\Home\Conf\config.php 第 20 行.
NOTIC: [8] Use of undefined constant HOME_JS - assumed 'HOME_JS' D:\wamp\cygupiao\Apps\admin\Home\Conf\config.php 第 29 行.
NOTIC: [8] Use of undefined constant HOME_CSS - assumed 'HOME_CSS' D:\wamp\cygupiao\Apps\admin\Home\Conf\config.php 第 30 行.

[ 2017-10-16T14:26:15+08:00 ] ::1 /admin.php/Home/User/index
INFO: [ app_init ] --START--
INFO: Run Behavior\BuildLiteBehavior [ RunTime:0.000000s ]
INFO: [ app_init ] --END-- [ RunTime:0.001000s ]
NOTIC: [8] Use of undefined constant SHOW_PAGE_TRACE - assumed 'SHOW_PAGE_TRACE' D:\wamp\cygupiao\Apps\admin\Home\Conf\config.php 第 4 行.
NOTIC: [8] Use of undefined constant SESSION_AUTO_START - assumed 'SESSION_AUTO_START' D:\wamp\cygupiao\Apps\admin\Home\Conf\config.php 第 5 行.
NOTIC: [8] Use of undefined constant MAIL_CON - assumed 'MAIL_CON' D:\wamp\cygupiao\Apps\admin\Home\Conf\config.php 第 20 行.
NOTIC: [8] Use of undefined constant HOME_JS - assumed 'HOME_JS' D:\wamp\cygupiao\Apps\admin\Home\Conf\config.php 第 29 行.
NOTIC: [8] Use of undefined constant HOME_CSS - assumed 'HOME_CSS' D:\wamp\cygupiao\Apps\admin\Home\Conf\config.php 第 30 行.

[ 2017-10-16T14:26:18+08:00 ] ::1 /admin.php/Home/Deposit/index
INFO: [ app_init ] --START--
INFO: Run Behavior\BuildLiteBehavior [ RunTime:0.000000s ]
INFO: [ app_init ] --END-- [ RunTime:0.002000s ]
NOTIC: [8] Use of undefined constant SHOW_PAGE_TRACE - assumed 'SHOW_PAGE_TRACE' D:\wamp\cygupiao\Apps\admin\Home\Conf\config.php 第 4 行.
NOTIC: [8] Use of undefined constant SESSION_AUTO_START - assumed 'SESSION_AUTO_START' D:\wamp\cygupiao\Apps\admin\Home\Conf\config.php 第 5 行.
NOTIC: [8] Use of undefined constant MAIL_CON - assumed 'MAIL_CON' D:\wamp\cygupiao\Apps\admin\Home\Conf\config.php 第 20 行.
NOTIC: [8] Use of undefined constant HOME_JS - assumed 'HOME_JS' D:\wamp\cygupiao\Apps\admin\Home\Conf\config.php 第 29 行.
NOTIC: [8] Use of undefined constant HOME_CSS - assumed 'HOME_CSS' D:\wamp\cygupiao\Apps\admin\Home\Conf\config.php 第 30 行.

[ 2017-10-16T14:26:20+08:00 ] ::1 /admin.php/Home/Withdraw/index
INFO: [ app_init ] --START--
INFO: Run Behavior\BuildLiteBehavior [ RunTime:0.000000s ]
INFO: [ app_init ] --END-- [ RunTime:0.000000s ]
NOTIC: [8] Use of undefined constant SHOW_PAGE_TRACE - assumed 'SHOW_PAGE_TRACE' D:\wamp\cygupiao\Apps\admin\Home\Conf\config.php 第 4 行.
NOTIC: [8] Use of undefined constant SESSION_AUTO_START - assumed 'SESSION_AUTO_START' D:\wamp\cygupiao\Apps\admin\Home\Conf\config.php 第 5 行.
NOTIC: [8] Use of undefined constant MAIL_CON - assumed 'MAIL_CON' D:\wamp\cygupiao\Apps\admin\Home\Conf\config.php 第 20 行.
NOTIC: [8] Use of undefined constant HOME_JS - assumed 'HOME_JS' D:\wamp\cygupiao\Apps\admin\Home\Conf\config.php 第 29 行.
NOTIC: [8] Use of undefined constant HOME_CSS - assumed 'HOME_CSS' D:\wamp\cygupiao\Apps\admin\Home\Conf\config.php 第 30 行.

[ 2017-10-16T14:26:32+08:00 ] ::1 /admin.php/Home/Deposit/index
INFO: [ app_init ] --START--
INFO: Run Behavior\BuildLiteBehavior [ RunTime:0.000000s ]
INFO: [ app_init ] --END-- [ RunTime:0.001000s ]
NOTIC: [8] Use of undefined constant SHOW_PAGE_TRACE - assumed 'SHOW_PAGE_TRACE' D:\wamp\cygupiao\Apps\admin\Home\Conf\config.php 第 4 行.
NOTIC: [8] Use of undefined constant SESSION_AUTO_START - assumed 'SESSION_AUTO_START' D:\wamp\cygupiao\Apps\admin\Home\Conf\config.php 第 5 行.
NOTIC: [8] Use of undefined constant MAIL_CON - assumed 'MAIL_CON' D:\wamp\cygupiao\Apps\admin\Home\Conf\config.php 第 20 行.
NOTIC: [8] Use of undefined constant HOME_JS - assumed 'HOME_JS' D:\wamp\cygupiao\Apps\admin\Home\Conf\config.php 第 29 行.
NOTIC: [8] Use of undefined constant HOME_CSS - assumed 'HOME_CSS' D:\wamp\cygupiao\Apps\admin\Home\Conf\config.php 第 30 行.

[ 2017-10-16T16:06:16+08:00 ] ::1 /admin.php
INFO: [ app_init ] --START--
INFO: Run Behavior\BuildLiteBehavior [ RunTime:0.000000s ]
INFO: [ app_init ] --END-- [ RunTime:0.001000s ]
NOTIC: [8] Use of undefined constant SHOW_PAGE_TRACE - assumed 'SHOW_PAGE_TRACE' D:\wamp\cygupiao\Apps\admin\Home\Conf\config.php 第 4 行.
NOTIC: [8] Use of undefined constant SESSION_AUTO_START - assumed 'SESSION_AUTO_START' D:\wamp\cygupiao\Apps\admin\Home\Conf\config.php 第 5 行.
NOTIC: [8] Use of undefined constant MAIL_CON - assumed 'MAIL_CON' D:\wamp\cygupiao\Apps\admin\Home\Conf\config.php 第 20 行.
NOTIC: [8] Use of undefined constant HOME_JS - assumed 'HOME_JS' D:\wamp\cygupiao\Apps\admin\Home\Conf\config.php 第 29 行.
NOTIC: [8] Use of undefined constant HOME_CSS - assumed 'HOME_CSS' D:\wamp\cygupiao\Apps\admin\Home\Conf\config.php 第 30 行.

[ 2017-10-16T16:06:16+08:00 ] ::1 /admin.php/Home/Login/login
INFO: [ app_init ] --START--
INFO: Run Behavior\BuildLiteBehavior [ RunTime:0.000000s ]
INFO: [ app_init ] --END-- [ RunTime:0.000000s ]
NOTIC: [8] Use of undefined constant SHOW_PAGE_TRACE - assumed 'SHOW_PAGE_TRACE' D:\wamp\cygupiao\Apps\admin\Home\Conf\config.php 第 4 行.
NOTIC: [8] Use of undefined constant SESSION_AUTO_START - assumed 'SESSION_AUTO_START' D:\wamp\cygupiao\Apps\admin\Home\Conf\config.php 第 5 行.
NOTIC: [8] Use of undefined constant MAIL_CON - assumed 'MAIL_CON' D:\wamp\cygupiao\Apps\admin\Home\Conf\config.php 第 20 行.
NOTIC: [8] Use of undefined constant HOME_JS - assumed 'HOME_JS' D:\wamp\cygupiao\Apps\admin\Home\Conf\config.php 第 29 行.
NOTIC: [8] Use of undefined constant HOME_CSS - assumed 'HOME_CSS' D:\wamp\cygupiao\Apps\admin\Home\Conf\config.php 第 30 行.

[ 2017-10-16T16:06:16+08:00 ] ::1 /admin.php/Home/Verfy/verfy
INFO: [ app_init ] --START--
INFO: Run Behavior\BuildLiteBehavior [ RunTime:0.000000s ]
INFO: [ app_init ] --END-- [ RunTime:0.001000s ]
NOTIC: [8] Use of undefined constant SHOW_PAGE_TRACE - assumed 'SHOW_PAGE_TRACE' D:\wamp\cygupiao\Apps\admin\Home\Conf\config.php 第 4 行.
NOTIC: [8] Use of undefined constant SESSION_AUTO_START - assumed 'SESSION_AUTO_START' D:\wamp\cygupiao\Apps\admin\Home\Conf\config.php 第 5 行.
NOTIC: [8] Use of undefined constant MAIL_CON - assumed 'MAIL_CON' D:\wamp\cygupiao\Apps\admin\Home\Conf\config.php 第 20 行.
NOTIC: [8] Use of undefined constant HOME_JS - assumed 'HOME_JS' D:\wamp\cygupiao\Apps\admin\Home\Conf\config.php 第 29 行.
NOTIC: [8] Use of undefined constant HOME_CSS - assumed 'HOME_CSS' D:\wamp\cygupiao\Apps\admin\Home\Conf\config.php 第 30 行.

[ 2017-10-16T16:12:28+08:00 ] ::1 /admin.php/Home/Login/login
INFO: [ app_init ] --START--
INFO: Run Behavior\BuildLiteBehavior [ RunTime:0.000000s ]
INFO: [ app_init ] --END-- [ RunTime:0.001000s ]
NOTIC: [8] Use of undefined constant SHOW_PAGE_TRACE - assumed 'SHOW_PAGE_TRACE' D:\wamp\cygupiao\Apps\admin\Home\Conf\config.php 第 4 行.
NOTIC: [8] Use of undefined constant SESSION_AUTO_START - assumed 'SESSION_AUTO_START' D:\wamp\cygupiao\Apps\admin\Home\Conf\config.php 第 5 行.
NOTIC: [8] Use of undefined constant MAIL_CON - assumed 'MAIL_CON' D:\wamp\cygupiao\Apps\admin\Home\Conf\config.php 第 20 行.
NOTIC: [8] Use of undefined constant HOME_JS - assumed 'HOME_JS' D:\wamp\cygupiao\Apps\admin\Home\Conf\config.php 第 29 行.
NOTIC: [8] Use of undefined constant HOME_CSS - assumed 'HOME_CSS' D:\wamp\cygupiao\Apps\admin\Home\Conf\config.php 第 30 行.

[ 2017-10-16T16:12:28+08:00 ] ::1 /admin.php/Home/Verfy/verfy
INFO: [ app_init ] --START--
INFO: Run Behavior\BuildLiteBehavior [ RunTime:0.000000s ]
INFO: [ app_init ] --END-- [ RunTime:0.001000s ]
NOTIC: [8] Use of undefined constant SHOW_PAGE_TRACE - assumed 'SHOW_PAGE_TRACE' D:\wamp\cygupiao\Apps\admin\Home\Conf\config.php 第 4 行.
NOTIC: [8] Use of undefined constant SESSION_AUTO_START - assumed 'SESSION_AUTO_START' D:\wamp\cygupiao\Apps\admin\Home\Conf\config.php 第 5 行.
NOTIC: [8] Use of undefined constant MAIL_CON - assumed 'MAIL_CON' D:\wamp\cygupiao\Apps\admin\Home\Conf\config.php 第 20 行.
NOTIC: [8] Use of undefined constant HOME_JS - assumed 'HOME_JS' D:\wamp\cygupiao\Apps\admin\Home\Conf\config.php 第 29 行.
NOTIC: [8] Use of undefined constant HOME_CSS - assumed 'HOME_CSS' D:\wamp\cygupiao\Apps\admin\Home\Conf\config.php 第 30 行.

[ 2017-10-16T16:13:38+08:00 ] ::1 /admin.php
INFO: [ app_init ] --START--
INFO: Run Behavior\BuildLiteBehavior [ RunTime:0.000000s ]
INFO: [ app_init ] --END-- [ RunTime:0.001000s ]
NOTIC: [8] Use of undefined constant SHOW_PAGE_TRACE - assumed 'SHOW_PAGE_TRACE' D:\wamp\cygupiao\Apps\admin\Home\Conf\config.php 第 4 行.
NOTIC: [8] Use of undefined constant SESSION_AUTO_START - assumed 'SESSION_AUTO_START' D:\wamp\cygupiao\Apps\admin\Home\Conf\config.php 第 5 行.
NOTIC: [8] Use of undefined constant MAIL_CON - assumed 'MAIL_CON' D:\wamp\cygupiao\Apps\admin\Home\Conf\config.php 第 20 行.
NOTIC: [8] Use of undefined constant HOME_JS - assumed 'HOME_JS' D:\wamp\cygupiao\Apps\admin\Home\Conf\config.php 第 29 行.
NOTIC: [8] Use of undefined constant HOME_CSS - assumed 'HOME_CSS' D:\wamp\cygupiao\Apps\admin\Home\Conf\config.php 第 30 行.

[ 2017-10-16T16:13:38+08:00 ] ::1 /admin.php/Home/Login/login
INFO: [ app_init ] --START--
INFO: Run Behavior\BuildLiteBehavior [ RunTime:0.000000s ]
INFO: [ app_init ] --END-- [ RunTime:0.001000s ]
NOTIC: [8] Use of undefined constant SHOW_PAGE_TRACE - assumed 'SHOW_PAGE_TRACE' D:\wamp\cygupiao\Apps\admin\Home\Conf\config.php 第 4 行.
NOTIC: [8] Use of undefined constant SESSION_AUTO_START - assumed 'SESSION_AUTO_START' D:\wamp\cygupiao\Apps\admin\Home\Conf\config.php 第 5 行.
NOTIC: [8] Use of undefined constant MAIL_CON - assumed 'MAIL_CON' D:\wamp\cygupiao\Apps\admin\Home\Conf\config.php 第 20 行.
NOTIC: [8] Use of undefined constant HOME_JS - assumed 'HOME_JS' D:\wamp\cygupiao\Apps\admin\Home\Conf\config.php 第 29 行.
NOTIC: [8] Use of undefined constant HOME_CSS - assumed 'HOME_CSS' D:\wamp\cygupiao\Apps\admin\Home\Conf\config.php 第 30 行.

[ 2017-10-16T16:13:38+08:00 ] ::1 /admin.php/Home/Verfy/verfy
INFO: [ app_init ] --START--
INFO: Run Behavior\BuildLiteBehavior [ RunTime:0.000000s ]
INFO: [ app_init ] --END-- [ RunTime:0.001000s ]
NOTIC: [8] Use of undefined constant SHOW_PAGE_TRACE - assumed 'SHOW_PAGE_TRACE' D:\wamp\cygupiao\Apps\admin\Home\Conf\config.php 第 4 行.
NOTIC: [8] Use of undefined constant SESSION_AUTO_START - assumed 'SESSION_AUTO_START' D:\wamp\cygupiao\Apps\admin\Home\Conf\config.php 第 5 行.
NOTIC: [8] Use of undefined constant MAIL_CON - assumed 'MAIL_CON' D:\wamp\cygupiao\Apps\admin\Home\Conf\config.php 第 20 行.
NOTIC: [8] Use of undefined constant HOME_JS - assumed 'HOME_JS' D:\wamp\cygupiao\Apps\admin\Home\Conf\config.php 第 29 行.
NOTIC: [8] Use of undefined constant HOME_CSS - assumed 'HOME_CSS' D:\wamp\cygupiao\Apps\admin\Home\Conf\config.php 第 30 行.

[ 2017-10-16T16:13:55+08:00 ] ::1 /admin.php/Home/Login/loginhandle
INFO: [ app_init ] --START--
INFO: Run Behavior\BuildLiteBehavior [ RunTime:0.000000s ]
INFO: [ app_init ] --END-- [ RunTime:0.001000s ]
NOTIC: [8] Use of undefined constant SHOW_PAGE_TRACE - assumed 'SHOW_PAGE_TRACE' D:\wamp\cygupiao\Apps\admin\Home\Conf\config.php 第 4 行.
NOTIC: [8] Use of undefined constant SESSION_AUTO_START - assumed 'SESSION_AUTO_START' D:\wamp\cygupiao\Apps\admin\Home\Conf\config.php 第 5 行.
NOTIC: [8] Use of undefined constant MAIL_CON - assumed 'MAIL_CON' D:\wamp\cygupiao\Apps\admin\Home\Conf\config.php 第 20 行.
NOTIC: [8] Use of undefined constant HOME_JS - assumed 'HOME_JS' D:\wamp\cygupiao\Apps\admin\Home\Conf\config.php 第 29 行.
NOTIC: [8] Use of undefined constant HOME_CSS - assumed 'HOME_CSS' D:\wamp\cygupiao\Apps\admin\Home\Conf\config.php 第 30 行.

[ 2017-10-16T16:13:56+08:00 ] ::1 /admin.php
INFO: [ app_init ] --START--
INFO: Run Behavior\BuildLiteBehavior [ RunTime:0.000000s ]
INFO: [ app_init ] --END-- [ RunTime:0.001000s ]
NOTIC: [8] Use of undefined constant SHOW_PAGE_TRACE - assumed 'SHOW_PAGE_TRACE' D:\wamp\cygupiao\Apps\admin\Home\Conf\config.php 第 4 行.
NOTIC: [8] Use of undefined constant SESSION_AUTO_START - assumed 'SESSION_AUTO_START' D:\wamp\cygupiao\Apps\admin\Home\Conf\config.php 第 5 行.
NOTIC: [8] Use of undefined constant MAIL_CON - assumed 'MAIL_CON' D:\wamp\cygupiao\Apps\admin\Home\Conf\config.php 第 20 行.
NOTIC: [8] Use of undefined constant HOME_JS - assumed 'HOME_JS' D:\wamp\cygupiao\Apps\admin\Home\Conf\config.php 第 29 行.
NOTIC: [8] Use of undefined constant HOME_CSS - assumed 'HOME_CSS' D:\wamp\cygupiao\Apps\admin\Home\Conf\config.php 第 30 行.

[ 2017-10-16T16:13:58+08:00 ] ::1 /admin.php/Home/Sys/index
INFO: [ app_init ] --START--
INFO: Run Behavior\BuildLiteBehavior [ RunTime:0.001000s ]
INFO: [ app_init ] --END-- [ RunTime:0.001000s ]
NOTIC: [8] Use of undefined constant SHOW_PAGE_TRACE - assumed 'SHOW_PAGE_TRACE' D:\wamp\cygupiao\Apps\admin\Home\Conf\config.php 第 4 行.
NOTIC: [8] Use of undefined constant SESSION_AUTO_START - assumed 'SESSION_AUTO_START' D:\wamp\cygupiao\Apps\admin\Home\Conf\config.php 第 5 行.
NOTIC: [8] Use of undefined constant MAIL_CON - assumed 'MAIL_CON' D:\wamp\cygupiao\Apps\admin\Home\Conf\config.php 第 20 行.
NOTIC: [8] Use of undefined constant HOME_JS - assumed 'HOME_JS' D:\wamp\cygupiao\Apps\admin\Home\Conf\config.php 第 29 行.
NOTIC: [8] Use of undefined constant HOME_CSS - assumed 'HOME_CSS' D:\wamp\cygupiao\Apps\admin\Home\Conf\config.php 第 30 行.

[ 2017-10-16T16:14:03+08:00 ] ::1 /admin.php/Home/Sys/changetime
INFO: [ app_init ] --START--
INFO: Run Behavior\BuildLiteBehavior [ RunTime:0.000000s ]
INFO: [ app_init ] --END-- [ RunTime:0.001000s ]
NOTIC: [8] Use of undefined constant SHOW_PAGE_TRACE - assumed 'SHOW_PAGE_TRACE' D:\wamp\cygupiao\Apps\admin\Home\Conf\config.php 第 4 行.
NOTIC: [8] Use of undefined constant SESSION_AUTO_START - assumed 'SESSION_AUTO_START' D:\wamp\cygupiao\Apps\admin\Home\Conf\config.php 第 5 行.
NOTIC: [8] Use of undefined constant MAIL_CON - assumed 'MAIL_CON' D:\wamp\cygupiao\Apps\admin\Home\Conf\config.php 第 20 行.
NOTIC: [8] Use of undefined constant HOME_JS - assumed 'HOME_JS' D:\wamp\cygupiao\Apps\admin\Home\Conf\config.php 第 29 行.
NOTIC: [8] Use of undefined constant HOME_CSS - assumed 'HOME_CSS' D:\wamp\cygupiao\Apps\admin\Home\Conf\config.php 第 30 行.

[ 2017-10-16T16:14:04+08:00 ] ::1 /admin.php/Home/Sys/index
INFO: [ app_init ] --START--
INFO: Run Behavior\BuildLiteBehavior [ RunTime:0.000000s ]
INFO: [ app_init ] --END-- [ RunTime:0.001000s ]
NOTIC: [8] Use of undefined constant SHOW_PAGE_TRACE - assumed 'SHOW_PAGE_TRACE' D:\wamp\cygupiao\Apps\admin\Home\Conf\config.php 第 4 行.
NOTIC: [8] Use of undefined constant SESSION_AUTO_START - assumed 'SESSION_AUTO_START' D:\wamp\cygupiao\Apps\admin\Home\Conf\config.php 第 5 行.
NOTIC: [8] Use of undefined constant MAIL_CON - assumed 'MAIL_CON' D:\wamp\cygupiao\Apps\admin\Home\Conf\config.php 第 20 行.
NOTIC: [8] Use of undefined constant HOME_JS - assumed 'HOME_JS' D:\wamp\cygupiao\Apps\admin\Home\Conf\config.php 第 29 行.
NOTIC: [8] Use of undefined constant HOME_CSS - assumed 'HOME_CSS' D:\wamp\cygupiao\Apps\admin\Home\Conf\config.php 第 30 行.

